<?xml version="1.0" encoding="UTF-8"?>
<!-- Generated by org.testng.reporters.JUnitReportReporter -->
<testsuite hostname="LAPTOP-9QTMGDJ4" failures="0" tests="2" name="HeaderSection" time="35.168" errors="0" timestamp="2024-01-29T17:23:52 IST" skipped="0">
  <testcase classname="HeaderSection" name="testHeader" time="17.865"/>
  <testcase classname="HeaderSection" name="testHeaderSectionFunctionalities" time="17.303"/>
</testsuite> <!-- HeaderSection -->
