<?xml version="1.0" encoding="UTF-8"?>
<!-- Generated by org.testng.reporters.JUnitReportReporter -->
<testsuite hostname="LAPTOP-9QTMGDJ4" failures="0" tests="6" name="LoginPageTest" time="85.705" errors="0" timestamp="2024-01-29T17:23:52 IST" skipped="0">
  <testcase classname="LoginPageTest" name="TestLoginPageUI" time="2.011"/>
  <testcase classname="LoginPageTest" name="testLoginWithEmptyInputs" time="16.740"/>
  <testcase classname="LoginPageTest" name="testLoginWithEmptyUsername" time="16.910"/>
  <testcase classname="LoginPageTest" name="testLoginWithEmptyPassword" time="16.721"/>
  <testcase classname="LoginPageTest" name="testLoginWithInvalidCreds" time="16.724"/>
  <testcase classname="LoginPageTest" name="testLoginWithValidCreds" time="16.599"/>
</testsuite> <!-- LoginPageTest -->
