<?xml version="1.0" encoding="UTF-8"?>
<!-- Generated by org.testng.reporters.JUnitReportReporter -->
<testsuite hostname="LAPTOP-9QTMGDJ4" failures="0" tests="1" name="searchPage" time="18.143" errors="0" timestamp="2024-01-29T17:23:52 IST" skipped="0">
  <testcase classname="searchPage" name="TestSearchFunctionality" time="18.143"/>
</testsuite> <!-- searchPage -->
