<?xml version="1.0" encoding="UTF-8"?>
<!-- Generated by org.testng.reporters.JUnitReportReporter -->
<testsuite hostname="LAPTOP-9QTMGDJ4" failures="0" tests="2" name="HomePageTest" time="34.153" errors="0" timestamp="2024-01-29T17:23:52 IST" skipped="0">
  <testcase classname="HomePageTest" name="TestHomePage" time="16.815"/>
  <testcase classname="HomePageTest" name="ContactUsSection" time="17.338"/>
</testsuite> <!-- HomePageTest -->
