<?xml version="1.0" encoding="UTF-8"?>
<!-- Generated by org.testng.reporters.JUnitReportReporter -->
<testsuite hostname="LAPTOP-9QTMGDJ4" failures="0" tests="2" name="movieDetails" time="36.930" errors="0" timestamp="2024-01-29T17:23:52 IST" skipped="0">
  <testcase classname="movieDetails" name="TestMovieDetailsPageOnHome" time="18.430"/>
  <testcase classname="movieDetails" name="TestMovieDetailsPageOnPopular" time="18.500"/>
</testsuite> <!-- movieDetails -->
