<?xml version="1.0" encoding="UTF-8"?>
<!-- Generated by org.testng.reporters.JUnitReportReporter -->
<testsuite hostname="LAPTOP-9QTMGDJ4" failures="0" tests="2" name="AccountPage" time="34.033" errors="0" timestamp="2024-01-29T17:23:52 IST" skipped="0">
  <testcase classname="AccountPage" name="TestAccountPageUI" time="16.793"/>
  <testcase classname="AccountPage" name="LogoutFunctionality" time="17.240"/>
</testsuite> <!-- AccountPage -->
